<?xml version="1.0" encoding="UTF-8"?>
<!-- Generated by org.testng.reporters.JUnitReportReporter -->
<testsuite hostname="DESKTOP-AELALK6" failures="0" tests="2" name="ResponseValidation.PayPallGetAccessToekn" time="6.054" errors="0" timestamp="2024-04-27T17:08:52 IST" skipped="0">
  <testcase classname="ResponseValidation.PayPallGetAccessToekn" name="GetAccessToken" time="5.490"/>
  <system-out/>
  <testcase classname="ResponseValidation.PayPallGetAccessToekn" name="ListInvoice" time="0.564"/>
  <system-out/>
</testsuite> <!-- ResponseValidation.PayPallGetAccessToekn -->
