<?xml version="1.0" encoding="UTF-8"?>
<!-- Generated by org.testng.reporters.JUnitReportReporter -->
<testsuite hostname="DESKTOP-AELALK6" failures="0" tests="3" name="ResponseValidation.ResponseTest" time="0.452" errors="0" timestamp="2023-11-25T18:13:41 EST" skipped="0">
  <testcase classname="ResponseValidation.ResponseTest" name="testresponse1" time="0.143"/>
  <system-out/>
  <testcase classname="ResponseValidation.ResponseTest" name="test" time="0.133"/>
  <system-out/>
  <testcase classname="ResponseValidation.ResponseTest" name="testresponse" time="0.176"/>
  <system-out/>
</testsuite> <!-- ResponseValidation.ResponseTest -->
