<?xml version="1.0" encoding="UTF-8"?>
<!-- Generated by org.testng.reporters.JUnitReportReporter -->
<testsuite hostname="DESKTOP-AELALK6" failures="0" tests="1" name="ResponseValidation.ResponseHeaderValidation" time="3.787" errors="0" timestamp="2024-04-20T15:56:39 IST" skipped="0">
  <testcase classname="ResponseValidation.ResponseHeaderValidation" name="test" time="3.787"/>
  <system-out/>
</testsuite> <!-- ResponseValidation.ResponseHeaderValidation -->
