<?xml version="1.0" encoding="UTF-8"?>
<!-- Generated by org.testng.reporters.JUnitReportReporter -->
<testsuite hostname="DESKTOP-AELALK6" failures="0" tests="1" name="ResponseValidation.AuthorizationTypes" time="7.654" errors="0" timestamp="2024-01-28T18:21:55 EST" skipped="0">
  <testcase classname="ResponseValidation.AuthorizationTypes" name="BasicAuth" time="7.654"/>
  <system-out/>
</testsuite> <!-- ResponseValidation.AuthorizationTypes -->
