<?xml version="1.0" encoding="UTF-8"?>
<!-- Generated by org.testng.reporters.JUnitReportReporter -->
<testsuite hostname="DESKTOP-AELALK6" failures="0" tests="2" name="Test.Get_Example" time="4.834" errors="0" timestamp="2024-04-20T15:43:36 IST" skipped="0">
  <testcase classname="Test.Get_Example" name="testGet" time="4.279"/>
  <system-out/>
  <testcase classname="Test.Get_Example" name="testRest" time="0.555"/>
  <system-out/>
</testsuite> <!-- Test.Get_Example -->
