<?xml version="1.0" encoding="UTF-8"?>
<!-- Generated by org.testng.reporters.JUnitReportReporter -->
<testsuite hostname="DESKTOP-AELALK6" failures="0" tests="1" name="ResponseValidation.ValidationResponseBody" time="0.271" errors="0" timestamp="2023-11-25T18:13:41 EST" skipped="0">
  <testcase classname="ResponseValidation.ValidationResponseBody" name="UserListResponseBody" time="0.271"/>
  <system-out/>
</testsuite> <!-- ResponseValidation.ValidationResponseBody -->
