<?xml version="1.0" encoding="UTF-8"?>
<!-- Generated by org.testng.reporters.JUnitReportReporter -->
<testsuite hostname="DESKTOP-AELALK6" failures="0" tests="1" name="Test.DeleteExample" time="6.909" errors="0" timestamp="2024-01-27T18:33:32 EST" skipped="0">
  <testcase classname="Test.DeleteExample" name="deleteTest" time="6.909"/>
  <system-out/>
</testsuite> <!-- Test.DeleteExample -->
