<?xml version="1.0" encoding="UTF-8"?>
<!-- Generated by org.testng.reporters.JUnitReportReporter -->
<testsuite hostname="DESKTOP-AELALK6" failures="0" tests="1" name="ResponseValidation.QueryParameterExample" time="4.997" errors="0" timestamp="2023-11-25T18:13:41 EST" skipped="0">
  <testcase classname="ResponseValidation.QueryParameterExample" name="filterData" time="4.997"/>
  <system-out/>
</testsuite> <!-- ResponseValidation.QueryParameterExample -->
