<?xml version="1.0" encoding="UTF-8"?>
<!-- Generated by org.testng.reporters.JUnitReportReporter -->
<testsuite hostname="DESKTOP-AELALK6" failures="0" tests="1" name="Test.PostExample" time="7.703" errors="0" timestamp="2024-01-27T18:24:01 EST" skipped="0">
  <testcase classname="Test.PostExample" name="postTest" time="7.703"/>
  <system-out/>
</testsuite> <!-- Test.PostExample -->
