<?xml version="1.0" encoding="UTF-8"?>
<!-- Generated by org.testng.reporters.JUnitReportReporter -->
<testsuite hostname="DESKTOP-AELALK6" failures="0" tests="1" name="Test.PutExample" time="9.256" errors="0" timestamp="2023-11-18T11:13:04 EST" skipped="0">
  <testcase classname="Test.PutExample" name="putTest" time="9.256"/>
  <system-out/>
</testsuite> <!-- Test.PutExample -->
